{"level":"info","message":"Listening on port 3000...","timestamp":"2021-10-19T15:33:58.456Z"}
{"level":"info","message":"Listening on port 3000...","timestamp":"2021-10-19T15:34:11.534Z"}
{"level":"error","message":"could not get genres","timestamp":"2021-10-19T15:39:02.546Z"}
{"level":"error","message":"could not get genres","timestamp":"2021-10-19T15:39:02.595Z"}
{"level":"info","message":"Listening on port 3000...","timestamp":"2021-10-19T15:39:12.524Z"}
{"level":"info","message":"Listening on port 3000...","timestamp":"2021-10-19T15:41:01.869Z"}
{"level":"error","message":"could not get genres","timestamp":"2021-10-19T15:41:08.318Z"}
{"level":"info","message":"Listening on port 3000...","timestamp":"2021-10-20T05:51:42.993Z"}
{"level":"info","message":"Connected to mongodb://localhost/vidly...","timestamp":"2021-10-20T05:51:43.033Z"}
{"level":"info","message":"Listening on port 3000...","timestamp":"2021-10-20T05:57:57.434Z"}
{"level":"info","message":"Connected to mongodb://localhost/vidly...","timestamp":"2021-10-20T05:57:57.474Z"}
{"message":"could not get genres","stack":"Error: could not get genres\n    at C:\\Users\\hp\\vidly\\routes\\genres.js:11:9\n    at C:\\Users\\hp\\vidly\\node_modules\\express-async-errors\\index.js:17:20\n    at Layer.handle [as handle_request] (C:\\Users\\hp\\vidly\\node_modules\\express\\lib\\router\\layer.js:95:5)\n    at next (C:\\Users\\hp\\vidly\\node_modules\\express\\lib\\router\\route.js:137:13)\n    at Route.dispatch (C:\\Users\\hp\\vidly\\node_modules\\express\\lib\\router\\route.js:112:3)\n    at C:\\Users\\hp\\vidly\\node_modules\\express-async-errors\\index.js:17:20\n    at Layer.handle [as handle_request] (C:\\Users\\hp\\vidly\\node_modules\\express\\lib\\router\\layer.js:95:5)\n    at C:\\Users\\hp\\vidly\\node_modules\\express\\lib\\router\\index.js:281:22\n    at Function.process_params (C:\\Users\\hp\\vidly\\node_modules\\express\\lib\\router\\index.js:335:12)\n    at next (C:\\Users\\hp\\vidly\\node_modules\\express\\lib\\router\\index.js:275:10)\n    at Function.handle (C:\\Users\\hp\\vidly\\node_modules\\express\\lib\\router\\index.js:174:3)\n    at router (C:\\Users\\hp\\vidly\\node_modules\\express\\lib\\router\\index.js:47:12)\n    at C:\\Users\\hp\\vidly\\node_modules\\express-async-errors\\index.js:17:20\n    at Layer.handle [as handle_request] (C:\\Users\\hp\\vidly\\node_modules\\express\\lib\\router\\layer.js:95:5)\n    at trim_prefix (C:\\Users\\hp\\vidly\\node_modules\\express\\lib\\router\\index.js:317:13)\n    at C:\\Users\\hp\\vidly\\node_modules\\express\\lib\\router\\index.js:284:7","level":"error","timestamp":"2021-10-20T05:58:45.692Z"}
{"level":"info","message":"Listening on port 3000...","timestamp":"2021-10-20T05:59:37.243Z"}
{"level":"info","message":"Connected to mongodb://localhost/vidly...","timestamp":"2021-10-20T05:59:37.286Z"}
{"message":"Unexpected string in JSON at position 22","stack":"SyntaxError: Unexpected string in JSON at position 22\n    at JSON.parse (<anonymous>)\n    at parse (C:\\Users\\hp\\vidly\\node_modules\\body-parser\\lib\\types\\json.js:89:19)\n    at C:\\Users\\hp\\vidly\\node_modules\\body-parser\\lib\\read.js:121:18\n    at invokeCallback (C:\\Users\\hp\\vidly\\node_modules\\raw-body\\index.js:224:16)\n    at done (C:\\Users\\hp\\vidly\\node_modules\\raw-body\\index.js:213:7)\n    at IncomingMessage.onEnd (C:\\Users\\hp\\vidly\\node_modules\\raw-body\\index.js:273:7)\n    at IncomingMessage.emit (node:events:402:35)\n    at endReadableNT (node:internal/streams/readable:1343:12)\n    at processTicksAndRejections (node:internal/process/task_queues:83:21)","expose":true,"statusCode":400,"status":400,"body":"{\n\t\"name\":\"pavithra\"\n\t\"email\": \"pavithr1@gmail.com\",\n\t\"password\": \"234567891\"\n}","type":"entity.parse.failed","level":"error","timestamp":"2021-10-20T06:02:49.325Z"}
{"message":"secretOrPrivateKey must have a value","stack":"Error: secretOrPrivateKey must have a value\n    at Object.module.exports [as sign] (C:\\Users\\hp\\vidly\\node_modules\\jsonwebtoken\\sign.js:107:20)\n    at model.userSchema.methods.generateAuthToken (C:\\Users\\hp\\vidly\\models\\user.js:30:21)\n    at C:\\Users\\hp\\vidly\\routes\\users.js:22:24","level":"error","timestamp":"2021-10-20T06:03:27.412Z"}
{"message":"secretOrPrivateKey must have a value","stack":"Error: secretOrPrivateKey must have a value\n    at Object.module.exports [as sign] (C:\\Users\\hp\\vidly\\node_modules\\jsonwebtoken\\sign.js:107:20)\n    at model.userSchema.methods.generateAuthToken (C:\\Users\\hp\\vidly\\models\\user.js:30:21)\n    at C:\\Users\\hp\\vidly\\routes\\users.js:22:24","level":"error","timestamp":"2021-10-20T06:04:40.388Z"}
{"level":"info","message":"Listening on port 3000...","timestamp":"2021-10-20T06:08:09.647Z"}
{"level":"info","message":"Connected to mongodb://localhost/vidly...","timestamp":"2021-10-20T06:08:09.684Z"}
{"level":"info","message":"Listening on port 3000...","timestamp":"2021-10-20T06:09:10.050Z"}
{"level":"info","message":"Connected to mongodb://localhost/vidly...","timestamp":"2021-10-20T06:09:10.089Z"}
{"level":"info","message":"Listening on port 3000...","timestamp":"2021-10-20T06:10:16.871Z"}
{"level":"info","message":"Connected to mongodb://localhost/vidly...","timestamp":"2021-10-20T06:10:16.909Z"}
{"level":"info","message":"Listening on port 3000...","timestamp":"2021-10-20T06:11:48.148Z"}
{"level":"info","message":"Connected to mongodb://localhost/vidly...","timestamp":"2021-10-20T06:11:48.191Z"}
{"message":"Cannot read properties of undefined (reading '_id')","stack":"TypeError: Cannot read properties of undefined (reading '_id')\n    at C:\\Users\\hp\\vidly\\routes\\users.js:12:45\n    at C:\\Users\\hp\\vidly\\node_modules\\express-async-errors\\index.js:17:20\n    at Layer.handle [as handle_request] (C:\\Users\\hp\\vidly\\node_modules\\express\\lib\\router\\layer.js:95:5)\n    at next (C:\\Users\\hp\\vidly\\node_modules\\express\\lib\\router\\route.js:137:13)\n    at Route.dispatch (C:\\Users\\hp\\vidly\\node_modules\\express\\lib\\router\\route.js:112:3)\n    at C:\\Users\\hp\\vidly\\node_modules\\express-async-errors\\index.js:17:20\n    at Layer.handle [as handle_request] (C:\\Users\\hp\\vidly\\node_modules\\express\\lib\\router\\layer.js:95:5)\n    at C:\\Users\\hp\\vidly\\node_modules\\express\\lib\\router\\index.js:281:22\n    at Function.process_params (C:\\Users\\hp\\vidly\\node_modules\\express\\lib\\router\\index.js:335:12)\n    at next (C:\\Users\\hp\\vidly\\node_modules\\express\\lib\\router\\index.js:275:10)\n    at Function.handle (C:\\Users\\hp\\vidly\\node_modules\\express\\lib\\router\\index.js:174:3)\n    at router (C:\\Users\\hp\\vidly\\node_modules\\express\\lib\\router\\index.js:47:12)\n    at C:\\Users\\hp\\vidly\\node_modules\\express-async-errors\\index.js:17:20\n    at Layer.handle [as handle_request] (C:\\Users\\hp\\vidly\\node_modules\\express\\lib\\router\\layer.js:95:5)\n    at trim_prefix (C:\\Users\\hp\\vidly\\node_modules\\express\\lib\\router\\index.js:317:13)\n    at C:\\Users\\hp\\vidly\\node_modules\\express\\lib\\router\\index.js:284:7","level":"error","timestamp":"2021-10-20T06:11:53.878Z"}
{"level":"info","message":"Listening on port 3000...","timestamp":"2021-10-20T06:17:53.863Z"}
{"level":"info","message":"Connected to mongodb://localhost/vidly...","timestamp":"2021-10-20T06:17:53.909Z"}
{"message":"Cannot read properties of undefined (reading '_id')","stack":"TypeError: Cannot read properties of undefined (reading '_id')\n    at C:\\Users\\hp\\vidly\\routes\\users.js:12:45\n    at C:\\Users\\hp\\vidly\\node_modules\\express-async-errors\\index.js:17:20\n    at Layer.handle [as handle_request] (C:\\Users\\hp\\vidly\\node_modules\\express\\lib\\router\\layer.js:95:5)\n    at next (C:\\Users\\hp\\vidly\\node_modules\\express\\lib\\router\\route.js:137:13)\n    at Route.dispatch (C:\\Users\\hp\\vidly\\node_modules\\express\\lib\\router\\route.js:112:3)\n    at C:\\Users\\hp\\vidly\\node_modules\\express-async-errors\\index.js:17:20\n    at Layer.handle [as handle_request] (C:\\Users\\hp\\vidly\\node_modules\\express\\lib\\router\\layer.js:95:5)\n    at C:\\Users\\hp\\vidly\\node_modules\\express\\lib\\router\\index.js:281:22\n    at Function.process_params (C:\\Users\\hp\\vidly\\node_modules\\express\\lib\\router\\index.js:335:12)\n    at next (C:\\Users\\hp\\vidly\\node_modules\\express\\lib\\router\\index.js:275:10)\n    at Function.handle (C:\\Users\\hp\\vidly\\node_modules\\express\\lib\\router\\index.js:174:3)\n    at router (C:\\Users\\hp\\vidly\\node_modules\\express\\lib\\router\\index.js:47:12)\n    at C:\\Users\\hp\\vidly\\node_modules\\express-async-errors\\index.js:17:20\n    at Layer.handle [as handle_request] (C:\\Users\\hp\\vidly\\node_modules\\express\\lib\\router\\layer.js:95:5)\n    at trim_prefix (C:\\Users\\hp\\vidly\\node_modules\\express\\lib\\router\\index.js:317:13)\n    at C:\\Users\\hp\\vidly\\node_modules\\express\\lib\\router\\index.js:284:7","level":"error","timestamp":"2021-10-20T06:18:23.315Z"}
{"level":"info","message":"Listening on port 3000...","timestamp":"2021-10-20T06:21:59.131Z"}
{"level":"info","message":"Connected to mongodb://localhost/vidly...","timestamp":"2021-10-20T06:21:59.171Z"}
{"level":"info","message":"Listening on port 3000...","timestamp":"2021-10-20T08:40:29.114Z"}
{"level":"info","message":"Connected to mongodb://localhost/vidly...","timestamp":"2021-10-20T08:40:29.149Z"}
